"../../../../../Users/CCame/Documents/Unreal Projects/GamesTwo/Content/CustomLevelSequence.uasset" 0
"../../../Engine/Content/Functions/Engine_MaterialFunctions01/Opacity/CameraDepthFade.uasset" 1
"../../../Engine/Content/EngineMaterials/T_Default_Material_Grid_M.uasset" 2
"../../../Engine/Content/EngineMaterials/T_Default_Material_Grid_N.uasset" 3
"../../../Engine/Content/EngineMaterials/WorldGridMaterial.uasset" 4
"../../../../../Users/CCame/Documents/Unreal Projects/GamesTwo/Content/Meshes/RevolvingDoor.uasset" 5
"../../../../../Users/CCame/Documents/Unreal Projects/GamesTwo/Content/BP_RevolvingDoors.uasset" 6
"../../../../../Users/CCame/Documents/Unreal Projects/GamesTwo/Content/RevolvingDoors.uasset" 7
"../../../../../Users/CCame/Documents/Unreal Projects/GamesTwo/Content/Meshes/Fox/fox_PhysicsAsset.uasset" 8
"../../../../../Users/CCame/Documents/Unreal Projects/GamesTwo/Content/Meshes/Fox/fox_Skeleton.uasset" 9
"../../../../../Users/CCame/Documents/Unreal Projects/GamesTwo/Content/Meshes/Fox/fox.uasset" 10
"../../../Engine/Content/Animation/DefaultAnimBoneCompressionSettings.uasset" 11
"../../../../../Users/CCame/Documents/Unreal Projects/GamesTwo/Content/Meshes/Fox/fox_Anim.uasset" 12
"../../../../../Users/CCame/Documents/Unreal Projects/GamesTwo/Content/ODSMannequin/Mannequin/Character/Mesh/UE4_Mannequin_Skeleton.uasset" 13
"../../../../../Users/CCame/Documents/Unreal Projects/GamesTwo/Content/ODSMannequin/Mannequin/Animations/ThirdPersonJump_End.uasset" 14
"../../../Engine/Content/Functions/Engine_MaterialFunctions02/Utility/BlendAngleCorrectedNormals.uasset" 15
"../../../Engine/Content/Functions/MaterialLayerFunctions/MatLayerBlend_NormalBlend.uasset" 16
"../../../Engine/Content/Functions/MaterialLayerFunctions/MatLayerBlend_Simple.uasset" 17
"../../../../../Users/CCame/Documents/Unreal Projects/GamesTwo/Content/ODSMannequin/Mannequin/Character/Materials/MaterialLayers/T_ML_Rubber_Blue_01_D.uasset" 18
"../../../../../Users/CCame/Documents/Unreal Projects/GamesTwo/Content/ODSMannequin/Mannequin/Character/Materials/MaterialLayers/T_ML_Rubber_Blue_01_N.uasset" 19
"../../../../../Users/CCame/Documents/Unreal Projects/GamesTwo/Content/ODSMannequin/FemaleMannequin/Character/Materials/MaterialLayers/ML_GlossyBlack_Latex_UE4.uasset" 20
"../../../../../Users/CCame/Documents/Unreal Projects/GamesTwo/Content/ODSMannequin/FemaleMannequin/Character/Materials/MaterialLayers/ML_Plastic_Shiny_Beige.uasset" 21
"../../../../../Users/CCame/Documents/Unreal Projects/GamesTwo/Content/ODSMannequin/Mannequin/Character/Textures/UE4_LOGO_CARD.uasset" 22
"../../../../../Users/CCame/Documents/Unreal Projects/GamesTwo/Content/ODSMannequin/FemaleMannequin/Character/Materials/MaterialLayers/ML_Plastic_Shiny_Beige_LOGO.uasset" 23
"../../../../../Users/CCame/Documents/Unreal Projects/GamesTwo/Content/ODSMannequin/Mannequin/Character/Materials/MaterialLayers/T_ML_Aluminum01.uasset" 24
"../../../../../Users/CCame/Documents/Unreal Projects/GamesTwo/Content/ODSMannequin/Mannequin/Character/Materials/MaterialLayers/T_ML_Aluminum01_N.uasset" 25
"../../../../../Users/CCame/Documents/Unreal Projects/GamesTwo/Content/ODSMannequin/FemaleMannequin/Character/Materials/MaterialLayers/ML_SoftMetal_UE4.uasset" 26
"../../../../../Users/CCame/Documents/Unreal Projects/GamesTwo/Content/ODSMannequin/Mannequin/Character/Textures/UE4_Mannequin__normals.uasset" 27
"../../../../../Users/CCame/Documents/Unreal Projects/GamesTwo/Content/ODSMannequin/Mannequin/Character/Textures/UE4_Mannequin_MAT_MASKA.uasset" 28
"../../../../../Users/CCame/Documents/Unreal Projects/GamesTwo/Content/ODSMannequin/Mannequin/Character/Materials/M_UE4Man_Body.uasset" 29
"../../../../../Users/CCame/Documents/Unreal Projects/GamesTwo/Content/ODSMannequin/Mannequin/Character/Textures/UE4Man_Logo_N.uasset" 30
"../../../../../Users/CCame/Documents/Unreal Projects/GamesTwo/Content/ODSMannequin/Mannequin/Character/Materials/M_UE4Man_ChestLogo.uasset" 31
"../../../../../Users/CCame/Documents/Unreal Projects/GamesTwo/Content/ODSMannequin/ThirdPersonBP/ThirdPersonOverview.uasset" 32
"../../../Engine/Content/Animation/DefaultAnimCurveCompressionSettings.uasset" 33
"../../../Engine/Content/ArtTools/RenderToTexture/Meshes/S_1_Unit_Plane.uasset" 34
"../../../Engine/Content/EngineMaterials/DefaultMaterial.uasset" 35
"../../../Engine/Content/BasicShapes/Cone.uasset" 36
"../../../Engine/Content/BasicShapes/Cube.uasset" 37
"../../../Engine/Content/BasicShapes/Cylinder.uasset" 38
"../../../Engine/Content/BasicShapes/Plane.uasset" 39
"../../../Engine/Content/BasicShapes/Sphere.uasset" 40
"../../../Engine/Content/EditorLandscapeResources/DataLayer.uasset" 41
"../../../Engine/Content/EditorMaterials/MAT_Groups_Toggle.uasset" 42
"../../../Engine/Content/EditorMaterials/MAT_Groups_Visibility.uasset" 43
"../../../Engine/Content/EditorMaterials/PreviewShadowIndicator.uasset" 44
"../../../Engine/Content/EditorMaterials/PreviewShadowIndicatorMaterial.uasset" 45
"../../../Engine/Content/EditorMaterials/MatineeGroups/MAT_ColorTrack.uasset" 46
"../../../Engine/Content/EditorMaterials/MatineeGroups/MAT_Groups_Anim.uasset" 47
"../../../Engine/Content/EditorMaterials/MatineeGroups/MAT_Groups_AudioMaster.uasset" 48
"../../../Engine/Content/EditorMaterials/MatineeGroups/MAT_Groups_Director.uasset" 49
"../../../Engine/Content/EditorMaterials/MatineeGroups/MAT_Groups_Event.uasset" 50
"../../../Engine/Content/EditorMaterials/MatineeGroups/MAT_Groups_Fade.uasset" 51
"../../../Engine/Content/EditorMaterials/MatineeGroups/MAT_Groups_Float.uasset" 52
"../../../Engine/Content/EditorMaterials/MatineeGroups/MAT_Groups_Move.uasset" 53
"../../../Engine/Content/EditorMaterials/MatineeGroups/MAT_Groups_Slomo.uasset" 54
"../../../Engine/Content/EditorMaterials/MatineeGroups/MAT_Groups_Sound.uasset" 55
"../../../Engine/Content/EditorMaterials/MatineeGroups/MAT_Groups_Vector.uasset" 56
"../../../Engine/Content/EditorMaterials/ParticleSystems/PSysThumbnail_NoImage.uasset" 57
"../../../Engine/Content/EditorMaterials/ParticleSystems/PSysThumbnail_OOD.uasset" 58
"../../../Engine/Content/EditorMaterials/Camera/CineMat.uasset" 59
"../../../Engine/Content/EditorMaterials/Camera/MI_CineMat_Rig.uasset" 60
"../../../Engine/Content/EditorMeshes/Camera/SM_CraneRig_Arm.uasset" 61
"../../../Engine/Content/EditorMeshes/Camera/SM_CraneRig_Base.uasset" 62
"../../../Engine/Content/EditorMeshes/Camera/SM_CraneRig_Body.uasset" 63
"../../../Engine/Content/EditorMeshes/Camera/SM_CraneRig_Mount.uasset" 64
"../../../Engine/Content/EditorMeshes/Camera/SM_RailRig_Mount.uasset" 65
"../../../Engine/Content/EditorMeshes/Camera/SM_RailRig_Track.uasset" 66
"../../../Engine/Content/EditorResources/BSPVertex.uasset" 67
"../../../Engine/Content/EditorResources/EmptyActor.uasset" 68
"../../../Engine/Content/EditorResources/S_Actor.uasset" 69
"../../../Engine/Content/EditorResources/S_Note.uasset" 70
"../../../Engine/Content/EditorResources/S_Solver.uasset" 71
"../../../Engine/Content/EditorResources/S_Trigger.uasset" 72
"../../../Engine/Content/EditorResources/LightIcons/S_LightError.uasset" 73
"../../../Engine/Content/EditorResources/SequenceRecorder/Countdown.uasset" 74
"../../../Engine/Content/EditorResources/SequenceRecorder/RecordingIndicator.uasset" 75
"../../../Engine/Content/EditorSounds/Notifications/CompileFailed.uasset" 76
"../../../Engine/Content/EditorSounds/Notifications/CompileFailed_Cue.uasset" 77
"../../../Engine/Content/EditorSounds/Notifications/CompileSuccess.uasset" 78
"../../../Engine/Content/EditorSounds/Notifications/CompileStart_Cue.uasset" 79
"../../../Engine/Content/EditorSounds/Notifications/CompileSuccess_Cue.uasset" 80
"../../../Engine/Content/EngineDamageTypes/DmgTypeBP_Environmental.uasset" 81
"../../../Engine/Content/EngineDebugMaterials/DebugEditorMaterial.uasset" 82
"../../../Engine/Content/EngineDebugMaterials/DebugMeshMaterial.uasset" 83
"../../../Engine/Content/EngineDebugMaterials/M_SimpleUnlitTranslucent.uasset" 84
"../../../Engine/Content/Functions/Engine_MaterialFunctions02/Utility/CameraDirectionVector.uasset" 85
"../../../Engine/Content/EngineDebugMaterials/VolumeToRender.uasset" 86
"../../../Engine/Content/EngineDebugMaterials/M_VolumeRenderSphereTracePP.uasset" 87
"../../../Engine/Content/EngineDebugMaterials/WireframeMaterial.uasset" 88
"../../../Engine/Content/EngineFonts/Faces/DroidSansFallback.uasset" 89
"../../../Engine/Content/EngineFonts/Faces/RobotoBold.uasset" 90
"../../../Engine/Content/EngineFonts/Faces/RobotoBoldItalic.uasset" 91
"../../../Engine/Content/EngineFonts/Faces/RobotoItalic.uasset" 92
"../../../Engine/Content/EngineFonts/Faces/RobotoLight.uasset" 93
"../../../Engine/Content/EngineFonts/Faces/RobotoRegular.uasset" 94
"../../../Engine/Content/EngineFonts/Roboto.uasset" 95
"../../../Engine/Content/EngineMaterials/BaseFlattenDiffuseMap.uasset" 96
"../../../Engine/Content/EngineMaterials/BaseFlattenEmissiveMap.uasset" 97
"../../../Engine/Content/EngineMaterials/BaseFlattenGrayscaleMap.uasset" 98
"../../../Engine/Content/EngineMaterials/BaseFlattenNormalMap.uasset" 99
"../../../Engine/Content/EngineMaterials/BaseFlattenMaterial.uasset" 100
"../../../Engine/Content/EngineMaterials/BlueNoise.uasset" 101
"../../../Engine/Content/EngineMaterials/DefaultBloomKernel.uasset" 102
"../../../Engine/Content/EngineMaterials/DefaultBokeh.uasset" 103
"../../../Engine/Content/EngineMaterials/DefaultDiffuse.uasset" 104
"../../../Engine/Content/EngineMaterials/DefaultDeferredDecalMaterial.uasset" 105
"../../../Engine/Content/EngineMaterials/DefaultLightFunctionMaterial.uasset" 106
"../../../Engine/Content/EngineMaterials/DefaultPhysicalMaterial.uasset" 107
"../../../Engine/Content/Functions/Engine_MaterialFunctions02/Utility/BreakOutFloat2Components.uasset" 108
"../../../Engine/Content/EngineMaterials/DefaultPostProcessMaterial.uasset" 109
"../../../Engine/Content/EngineFonts/RobotoDistanceField.uasset" 110
"../../../Engine/Content/EngineMaterials/DefaultTextMaterialOpaque.uasset" 111
"../../../Engine/Content/EngineMaterials/DefaultWhiteGrid.uasset" 112
"../../../Engine/Content/EngineMaterials/DefaultWhiteGrid_Low.uasset" 113
"../../../Engine/Content/EngineMaterials/EmissiveMeshMaterial.uasset" 114
"../../../Engine/Content/EngineMaterials/GizmoMaterial.uasset" 115
"../../../Engine/Content/EngineMaterials/Good64x64TilingNoiseHighFreq.uasset" 116
"../../../Engine/Content/EngineMaterials/MiniFont.uasset" 117
"../../../Engine/Content/EngineMaterials/InvalidLightmapSettings.uasset" 118
"../../../Engine/Content/EngineMaterials/M_InvalidLightmapSettings.uasset" 119
"../../../Engine/Content/Functions/Engine_MaterialFunctions02/WorldPositionOffset/CameraOffset.uasset" 120
"../../../Engine/Content/EngineMaterials/PhAT_JointLimitMaterial.uasset" 121
"../../../Engine/Content/EngineMaterials/PreintegratedSkinBRDF.uasset" 122
"../../../Engine/Content/EngineMaterials/RemoveSurfaceMaterial.uasset" 123
"../../../Engine/Content/EngineMaterials/WeightMapPlaceholderTexture.uasset" 124
"../../../Engine/Content/EngineResources/WhiteSquareTexture.uasset" 125
"../../../Engine/Content/EngineMaterials/Widget3DPassThrough.uasset" 126
"../../../Engine/Content/EngineMaterials/Widget3DPassThrough_Masked.uasset" 127
"../../../Engine/Content/EngineMaterials/Widget3DPassThrough_Opaque.uasset" 128
"../../../Engine/Content/EngineMaterials/Widget3DPassThrough_Masked_OneSided.uasset" 129
"../../../Engine/Content/EngineMaterials/Widget3DPassThrough_Opaque_OneSided.uasset" 130
"../../../Engine/Content/EngineMaterials/Widget3DPassThrough_Translucent.uasset" 131
"../../../Engine/Content/EngineMaterials/Widget3DPassThrough_Translucent_OneSided.uasset" 132
"../../../Engine/Content/EngineMeshes/Cylinder.uasset" 133
"../../../Engine/Content/EngineMeshes/Sphere.uasset" 134
"../../../Engine/Content/EngineResources/Black.uasset" 135
"../../../Engine/Content/EngineResources/DefaultTexture.uasset" 136
"../../../Engine/Content/EngineResources/DefaultTextureCube.uasset" 137
"../../../Engine/Content/EngineResources/DefaultVolumeTexture2D.uasset" 138
"../../../Engine/Content/EngineResources/DefaultVolumeTexture.uasset" 139
"../../../Engine/Content/EngineResources/GradientTexture0.uasset" 140
"../../../Engine/Content/EngineSounds/Master.uasset" 141
"../../../Engine/Content/Functions/Engine_MaterialFunctions01/Shading/ConvertFromDiffSpec.uasset" 142
"../../../Engine/Content/Functions/Engine_MaterialFunctions01/Shading/PowerToRoughness.uasset" 143
"../../../Engine/Content/Maps/Templates/Thumbnails/Default.uasset" 144
"../../../Engine/Content/Maps/Templates/Thumbnails/TimeOfDay.uasset" 145
"../../../Engine/Content/Maps/Templates/Thumbnails/VR-Basic.uasset" 146
"../../../Engine/Content/MobileResources/T_MobileControls_texture.uasset" 147
"../../../Engine/Content/MobileResources/T_MobileMenu2.uasset" 148
"../../../Engine/Content/MobileResources/HUD/AnalogHat.uasset" 149
"../../../Engine/Content/MobileResources/HUD/VirtualJoystick_Background.uasset" 150
"../../../Engine/Content/MobileResources/HUD/VirtualJoystick_Thumb.uasset" 151
"../../../Engine/Content/MobileResources/HUD/DefaultVirtualJoysticks.uasset" 152
"../../../Engine/Content/MobileResources/HUD/LeftVirtualJoystickOnly.uasset" 153
"../../../Engine/Content/MobileResources/HUD/MobileHUDButton1_off.uasset" 154
"../../../Engine/Content/MobileResources/HUD/MobileHUDButton1_on.uasset" 155
"../../../Engine/Content/MobileResources/HUD/MobileHUDButton2_off.uasset" 156
"../../../Engine/Content/MobileResources/HUD/MobileHUDButton2_on.uasset" 157
"../../../Engine/Content/MobileResources/HUD/MobileHUDButton3.uasset" 158
"../../../Engine/Content/MobileResources/HUD/MobileHUDButtonFire.uasset" 159
"../../../Engine/Content/MobileResources/HUD/MobileHUDDirectionPad.uasset" 160
"../../../Engine/Content/MobileResources/HUD/MobileHUDDirectionPad2.uasset" 161
"../../../Engine/Content/MobileResources/HUD/MobileHUDDirectionPad3.uasset" 162
"../../../Engine/Content/MobileResources/HUD/MobileHUDDirectionStick.uasset" 163
"../../../Engine/Content/MobileResources/HUD/T_Castle_ThumbstickInner.uasset" 164
"../../../Engine/Content/MobileResources/HUD/T_Castle_ThumbstickOutter.uasset" 165
"../../../Engine/Content/Tutorial/ContentIntroCurve.uasset" 166
"../../../Engine/Content/Tutorial/Basics/LevelEditorAttract.uasset" 167
"../../../Engine/Content/Tutorial/Basics/TutorialAssets/icon_tab_Levels_40x.uasset" 168
"../../../Engine/Content/Tutorial/Basics/LevelEditorOverview.uasset" 169
"../../../Engine/Content/Tutorial/BlueprintTutorials/TutorialAssets/Blueprint_64x.uasset" 170
"../../../Engine/Content/Tutorial/BlueprintTutorials/BlueprintEditorTutorial.uasset" 171
"../../../Engine/Content/Tutorial/Landscape/TutorialAssets/Landscape.uasset" 172
"../../../Engine/Content/Tutorial/Landscape/LandscapeWalkThrough.uasset" 173
"../../../Engine/Content/Tutorial/Landscape/Landscape_Manage_Mode.uasset" 174
"../../../Engine/Content/EditorBlueprintResources/StandardMacros.uasset" 175
"../../../Engine/Content/Tutorial/Landscape/Landscape_Painting_Mode.uasset" 176
"../../../Engine/Content/Tutorial/Landscape/Landscape_Sculpt_Mode.uasset" 177
"../../../Engine/Content/VREditor/LaserPointer/VR_LaserPower_01.uasset" 178
"../../../Engine/Content/VREditor/TransformGizmo/TransformGizmoMaterial.uasset" 179
"../../../Engine/Content/VREditor/TransformGizmo/TranslucentTransformGizmoMaterial.uasset" 180
"../../../Engine/Content/VREditor/TransformGizmo/BoundingBoxCorner.uasset" 181
"../../../Engine/Content/VREditor/TransformGizmo/BoundingBoxEdge.uasset" 182
"../../../Engine/Content/VREditor/TransformGizmo/PlaneTranslationHandle.uasset" 183
"../../../Engine/Content/VREditor/TransformGizmo/Main.uasset" 184
"../../../Engine/Content/VREditor/TransformGizmo/Xray.uasset" 185
"../../../Engine/Content/VREditor/TransformGizmo/SM_Sequencer_Key.uasset" 186
"../../../Engine/Content/VREditor/TransformGizmo/SM_Sequencer_Node.uasset" 187
"../../Plugins/2D/Paper2D/Content/PlaceholderTextures/DummySpriteTexture.uasset" 188
"../../Plugins/2D/Paper2D/Content/DummySprite.uasset" 189
"../../Plugins/2D/Paper2D/Content/DefaultPaperTerrainMaterial.uasset" 190
"../../Plugins/2D/Paper2D/Content/DefaultSpriteMaterial.uasset" 191
"../../Plugins/2D/Paper2D/Content/MaskedUnlitSpriteMaterial.uasset" 192
"../../Plugins/2D/Paper2D/Content/OpaqueUnlitSpriteMaterial.uasset" 193
"../../Plugins/FX/Niagara/Content/Enums/ENiagaraBooleanLogicOps.uasset" 194
"../../Plugins/FX/Niagara/Content/Enums/ENiagaraCoordinateSpace.uasset" 195
"../../Plugins/FX/Niagara/Content/Enums/ENiagaraExpansionMode.uasset" 196
"../../Plugins/FX/Niagara/Content/Enums/ENiagaraOrientationAxis.uasset" 197
"../../Plugins/FX/Niagara/Content/Enums/ENiagaraRandomnessMode.uasset" 198
"../../../Engine/Content/Functions/Engine_MaterialFunctions02/Utility/BreakOutFloat4Components.uasset" 199
"../../../Engine/Content/Functions/Engine_MaterialFunctions02/Utility/MakeFloat2.uasset" 200
"../../../Engine/Content/Functions/Engine_MaterialFunctions02/Utility/MakeFloat3.uasset" 201
"../../Plugins/Runtime/Oculus/OculusVR/Content/Materials/OculusMR_ChromaKey.uasset" 202
"../../Plugins/Runtime/Oculus/OculusVR/Content/Materials/OculusMR_ChromaKey_Lit.uasset" 203
"../../Plugins/Runtime/Oculus/OculusVR/Content/Materials/OculusMR_OpaqueColoredMaterial.uasset" 204
"../../Plugins/Runtime/Oculus/OculusVR/Content/Materials/OculusMR_WhiteMaterial.uasset" 205
"../../../Engine/Content/EngineSky/C_Sky_Cloud_Color.uasset" 206
"../../../Engine/Content/EngineSky/C_Sky_Horizon_Color.uasset" 207
"../../../Engine/Content/EngineSky/C_Sky_Zenith_Color.uasset" 208
"../../../Engine/Content/EngineSky/T_Sky_Blue.uasset" 209
"../../../Engine/Content/EngineSky/T_Sky_Clouds_M.uasset" 210
"../../../Engine/Content/EngineSky/T_Sky_Stars.uasset" 211
"../../../Engine/Content/EngineSky/M_Sky_Panning_Clouds2.uasset" 212
"../../../Engine/Content/EngineSky/SM_SkySphere.uasset" 213
"../../../Engine/Content/EngineSky/BP_Sky_Sphere.uasset" 214
"../../../../../Users/CCame/Documents/Unreal Projects/GamesTwo/Content/BP_AutoRevolvingDoors.uasset" 215
"../../../../../Users/CCame/Documents/Unreal Projects/GamesTwo/Content/BP_Checkpoint.uasset" 216
"../../../../../Users/CCame/Documents/Unreal Projects/GamesTwo/Content/BP_FinishZone.uasset" 217
"../../../../../Users/CCame/Documents/Unreal Projects/GamesTwo/Content/Meshes/Fixed_Door.uasset" 218
"../../../../../Users/CCame/Documents/Unreal Projects/GamesTwo/Content/BP_FixedDoor.uasset" 219
"../../../../../Users/CCame/Documents/Unreal Projects/GamesTwo/Content/BP_CustomPlayerController.uasset" 220
"../../../../../Users/CCame/Documents/Unreal Projects/GamesTwo/Content/ODSMannequin/FemaleMannequin/Character/Mesh/FemaleMannequin_Skeleton.uasset" 221
"../../../../../Users/CCame/Documents/Unreal Projects/GamesTwo/Content/ODSMannequin/FemaleMannequin/Animations/A_Female_Jump_End.uasset" 222
"../../../../../Users/CCame/Documents/Unreal Projects/GamesTwo/Content/ODSMannequin/FemaleMannequin/Animations/A_Female_Jump_Loop.uasset" 223
"../../../../../Users/CCame/Documents/Unreal Projects/GamesTwo/Content/ODSMannequin/FemaleMannequin/Animations/A_Female_Jump_Start.uasset" 224
"../../../../../Users/CCame/Documents/Unreal Projects/GamesTwo/Content/ODSMannequin/FemaleMannequin/Animations/A_Female_Idle.uasset" 225
"../../../../../Users/CCame/Documents/Unreal Projects/GamesTwo/Content/ODSMannequin/FemaleMannequin/Animations/A_Female_Run.uasset" 226
"../../../../../Users/CCame/Documents/Unreal Projects/GamesTwo/Content/ODSMannequin/FemaleMannequin/Animations/A_Female_Walk.uasset" 227
"../../../../../Users/CCame/Documents/Unreal Projects/GamesTwo/Content/ODSMannequin/FemaleMannequin/Animations/BS_FemaleMannequin_IdleRun_2D.uasset" 228
"../../../../../Users/CCame/Documents/Unreal Projects/GamesTwo/Content/ODSMannequin/FemaleMannequin/Animations/FemaleMannequin_AnimBP.uasset" 229
"../../../../../Users/CCame/Documents/Unreal Projects/GamesTwo/Content/BP_NameDetails.uasset" 230
"../../../Engine/Content/Functions/MaterialLayerFunctions/MatLayerBlend_AO.uasset" 231
"../../../../../Users/CCame/Documents/Unreal Projects/GamesTwo/Content/ODSMannequin/FemaleMannequin/Character/Materials/Textures/Camos/T_MARPAT_Desert.uasset" 232
"../../../../../Users/CCame/Documents/Unreal Projects/GamesTwo/Content/ODSMannequin/FemaleMannequin/Character/Materials/Textures/T_MilitaryPaint_a.uasset" 233
"../../../../../Users/CCame/Documents/Unreal Projects/GamesTwo/Content/ODSMannequin/FemaleMannequin/Character/Materials/Textures/T_MilitaryPaint_n.uasset" 234
"../../../../../Users/CCame/Documents/Unreal Projects/GamesTwo/Content/ODSMannequin/FemaleMannequin/Character/Materials/Textures/T_MilitaryPaint_orm.uasset" 235
"../../../../../Users/CCame/Documents/Unreal Projects/GamesTwo/Content/ODSMannequin/FemaleMannequin/Character/Materials/MaterialLayers/ML_Military_Paint.uasset" 236
"../../../../../Users/CCame/Documents/Unreal Projects/GamesTwo/Content/ODSMannequin/FemaleMannequin/Character/Materials/Textures/T_Steel_a.uasset" 237
"../../../../../Users/CCame/Documents/Unreal Projects/GamesTwo/Content/ODSMannequin/FemaleMannequin/Character/Materials/Textures/T_Steel_n.uasset" 238
"../../../../../Users/CCame/Documents/Unreal Projects/GamesTwo/Content/ODSMannequin/FemaleMannequin/Character/Materials/Textures/T_Steel_orm.uasset" 239
"../../../../../Users/CCame/Documents/Unreal Projects/GamesTwo/Content/ODSMannequin/FemaleMannequin/Character/Materials/MaterialLayers/ML_Military_Steel.uasset" 240
"../../../../../Users/CCame/Documents/Unreal Projects/GamesTwo/Content/ODSMannequin/FemaleMannequin/Character/Materials/Textures/T_UE4_FemaleMannequin_ao.uasset" 241
"../../../../../Users/CCame/Documents/Unreal Projects/GamesTwo/Content/ODSMannequin/FemaleMannequin/Character/Materials/Textures/T_UE4_FemaleMannequin_Masks01.uasset" 242
"../../../../../Users/CCame/Documents/Unreal Projects/GamesTwo/Content/ODSMannequin/FemaleMannequin/Character/Materials/Textures/T_UE4_FemaleMannequin_Masks02.uasset" 243
"../../../../../Users/CCame/Documents/Unreal Projects/GamesTwo/Content/ODSMannequin/FemaleMannequin/Character/Materials/Textures/T_UE4_FemaleMannequin_n.uasset" 244
"../../../../../Users/CCame/Documents/Unreal Projects/GamesTwo/Content/ODSMannequin/FemaleMannequin/Character/Materials/M_FemaleMannequin_Military.uasset" 245
"../../../../../Users/CCame/Documents/Unreal Projects/GamesTwo/Content/ODSMannequin/FemaleMannequin/Character/Materials/Textures/T_decals.uasset" 246
"../../../../../Users/CCame/Documents/Unreal Projects/GamesTwo/Content/ODSMannequin/FemaleMannequin/Character/Materials/M_Mannequin_Decals.uasset" 247
"../../../../../Users/CCame/Documents/Unreal Projects/GamesTwo/Content/ODSMannequin/FemaleMannequin/Character/Mesh/SK_FemaleMannequin_PhysicsAsset.uasset" 248
"../../../../../Users/CCame/Documents/Unreal Projects/GamesTwo/Content/ODSMannequin/FemaleMannequin/Character/Mesh/SK_FemaleMannequin.uasset" 249
"../../../../../Users/CCame/Documents/Unreal Projects/GamesTwo/Content/BP_PlayableCharacter.uasset" 250
"../../../../../Users/CCame/Documents/Unreal Projects/GamesTwo/Content/BP_GamesTwoGameModeBase.uasset" 251
"../../../../../Users/CCame/Documents/Unreal Projects/GamesTwo/Content/Meshes/RevolvingFloor.uasset" 252
"../../../../../Users/CCame/Documents/Unreal Projects/GamesTwo/Content/BP_RevolvingFloor.uasset" 253
"../../../../../Users/CCame/Documents/Unreal Projects/GamesTwo/Content/Meshes/revolvingPoleMesh.uasset" 254
"../../../../../Users/CCame/Documents/Unreal Projects/GamesTwo/Content/BP_SpinningArm.uasset" 255
"../../../../../Users/CCame/Documents/Unreal Projects/GamesTwo/Content/Level_BuiltData.uasset" 256
"../../../../../Users/CCame/Documents/Unreal Projects/GamesTwo/Content/Level.umap" 257
"../../../../../Users/CCame/Documents/Unreal Projects/GamesTwo/Content/TestLevel.umap" 258
"../../../../../Users/CCame/Documents/Unreal Projects/GamesTwo/Content/ODSMannequin/Mannequin/Animations/ThirdPersonIdle.uasset" 259
"../../../../../Users/CCame/Documents/Unreal Projects/GamesTwo/Content/ODSMannequin/Mannequin/Animations/ThirdPerson_Jump.uasset" 260
"../../../../../Users/CCame/Documents/Unreal Projects/GamesTwo/Content/ODSMannequin/Mannequin/Animations/ThirdPersonJump_Loop.uasset" 261
"../../../../../Users/CCame/Documents/Unreal Projects/GamesTwo/Content/ODSMannequin/Mannequin/Animations/ThirdPersonJump_Start.uasset" 262
"../../../../../Users/CCame/Documents/Unreal Projects/GamesTwo/Content/ODSMannequin/Mannequin/Animations/ThirdPersonRun.uasset" 263
"../../../../../Users/CCame/Documents/Unreal Projects/GamesTwo/Content/ODSMannequin/Mannequin/Animations/ThirdPersonWalk.uasset" 264
"../../../../../Users/CCame/Documents/Unreal Projects/GamesTwo/Content/ODSMannequin/Mannequin/Animations/ThirdPerson_IdleRun_2D.uasset" 265
"../../../../../Users/CCame/Documents/Unreal Projects/GamesTwo/Content/ODSMannequin/Mannequin/Animations/ThirdPerson_AnimBP.uasset" 266
"../../../../../Users/CCame/Documents/Unreal Projects/GamesTwo/Content/ODSMannequin/Mannequin/Character/Textures/UE4_Mannequin_Masks02.uasset" 267
"../../../../../Users/CCame/Documents/Unreal Projects/GamesTwo/Content/ODSMannequin/Mannequin/Character/Materials/M_UE4Man_Body_Military.uasset" 268
"../../../../../Users/CCame/Documents/Unreal Projects/GamesTwo/Content/ODSMannequin/Mannequin/Character/Mesh/SK_Mannequin_PhysicsAsset.uasset" 269
"../../../../../Users/CCame/Documents/Unreal Projects/GamesTwo/Content/ODSMannequin/Mannequin/Character/Mesh/SK_Mannequin.uasset" 270
"../../../../../Users/CCame/Documents/Unreal Projects/GamesTwo/Content/ODSMannequin/ThirdPersonBP/Blueprints/ThirdPersonCharacter.uasset" 271
"../../../../../Users/CCame/Documents/Unreal Projects/GamesTwo/Content/ODSMannequin/ThirdPersonBP/Blueprints/ThirdPersonCharacter_Female.uasset" 272
"../../../../../Users/CCame/Documents/Unreal Projects/GamesTwo/Content/ODSMannequin/ThirdPersonBP/Blueprints/ThirdPersonGameMode.uasset" 273
"../../../../../Users/CCame/Documents/Unreal Projects/GamesTwo/Content/ODSMannequin/ThirdPersonBP/Maps/ThirdPersonExampleMap_BuiltData.uasset" 274
"../../../../../Users/CCame/Documents/Unreal Projects/GamesTwo/Content/ODSMannequin/FemaleMannequin/Character/Materials/M_FemaleMannequin.uasset" 275
"../../../../../Users/CCame/Documents/Unreal Projects/GamesTwo/Content/ODSMannequin/FemaleMannequin/Character/Materials/MI_Mannequin_Decals_Black.uasset" 276
"../../../../../Users/CCame/Documents/Unreal Projects/GamesTwo/Content/ODSMannequin/Geometry/Meshes/CubeMaterial.uasset" 277
"../../../../../Users/CCame/Documents/Unreal Projects/GamesTwo/Content/ODSMannequin/Geometry/Meshes/1M_Cube.uasset" 278
"../../../../../Users/CCame/Documents/Unreal Projects/GamesTwo/Content/ODSMannequin/Geometry/Meshes/1M_Cube_Chamfer.uasset" 279
"../../../../../Users/CCame/Documents/Unreal Projects/GamesTwo/Content/ODSMannequin/Geometry/Meshes/TemplateFloor.uasset" 280
"../../../../../Users/CCame/Documents/Unreal Projects/GamesTwo/Content/ODSMannequin/ThirdPerson/Meshes/RampMaterial.uasset" 281
"../../../../../Users/CCame/Documents/Unreal Projects/GamesTwo/Content/ODSMannequin/ThirdPerson/Meshes/Bump_StaticMesh.uasset" 282
"../../../../../Users/CCame/Documents/Unreal Projects/GamesTwo/Content/ODSMannequin/ThirdPerson/Meshes/LeftArm_StaticMesh.uasset" 283
"../../../../../Users/CCame/Documents/Unreal Projects/GamesTwo/Content/ODSMannequin/ThirdPerson/Meshes/Linear_Stair_StaticMesh.uasset" 284
"../../../../../Users/CCame/Documents/Unreal Projects/GamesTwo/Content/ODSMannequin/ThirdPerson/Meshes/Ramp_StaticMesh.uasset" 285
"../../../../../Users/CCame/Documents/Unreal Projects/GamesTwo/Content/ODSMannequin/ThirdPerson/Meshes/RightArm_StaticMesh.uasset" 286
"../../../../../Users/CCame/Documents/Unreal Projects/GamesTwo/Content/ODSMannequin/ThirdPersonBP/Maps/ThirdPersonExampleMap.umap" 287
"../../../Engine/Content/Maps/Entry_BuiltData.uasset" 288
"../../../Engine/Content/Maps/Entry.umap" 289
